Determining if the pthread_create exist failed with the following output:
Change Dir: /home/wang/code/c++Code/my_sgm_zed_multithread_v2/build/CMakeFiles/CMakeTmp

Run Build Command:"/usr/bin/make" "cmTC_278ab/fast"
/usr/bin/make -f CMakeFiles/cmTC_278ab.dir/build.make CMakeFiles/cmTC_278ab.dir/build
make[1]: 进入目录“/home/wang/code/c++Code/my_sgm_zed_multithread_v2/build/CMakeFiles/CMakeTmp”
Building C object CMakeFiles/cmTC_278ab.dir/CheckSymbolExists.c.o
/usr/bin/cc   -fPIC    -o CMakeFiles/cmTC_278ab.dir/CheckSymbolExists.c.o   -c /home/wang/code/c++Code/my_sgm_zed_multithread_v2/build/CMakeFiles/CMakeTmp/CheckSymbolExists.c
Linking C executable cmTC_278ab
/usr/bin/cmake -E cmake_link_script CMakeFiles/cmTC_278ab.dir/link.txt --verbose=1
/usr/bin/cc -fPIC     -rdynamic CMakeFiles/cmTC_278ab.dir/CheckSymbolExists.c.o  -o cmTC_278ab 
CMakeFiles/cmTC_278ab.dir/CheckSymbolExists.c.o：在函数‘main’中：
CheckSymbolExists.c:(.text+0x1b)：对‘pthread_create’未定义的引用
collect2: error: ld returned 1 exit status
CMakeFiles/cmTC_278ab.dir/build.make:97: recipe for target 'cmTC_278ab' failed
make[1]: *** [cmTC_278ab] Error 1
make[1]: 离开目录“/home/wang/code/c++Code/my_sgm_zed_multithread_v2/build/CMakeFiles/CMakeTmp”
Makefile:126: recipe for target 'cmTC_278ab/fast' failed
make: *** [cmTC_278ab/fast] Error 2

File /home/wang/code/c++Code/my_sgm_zed_multithread_v2/build/CMakeFiles/CMakeTmp/CheckSymbolExists.c:
/* */
#include <pthread.h>

int main(int argc, char** argv)
{
  (void)argv;
#ifndef pthread_create
  return ((int*)(&pthread_create))[argc];
#else
  (void)argc;
  return 0;
#endif
}

Determining if the function pthread_create exists in the pthreads failed with the following output:
Change Dir: /home/wang/code/c++Code/my_sgm_zed_multithread_v2/build/CMakeFiles/CMakeTmp

Run Build Command:"/usr/bin/make" "cmTC_7eebc/fast"
/usr/bin/make -f CMakeFiles/cmTC_7eebc.dir/build.make CMakeFiles/cmTC_7eebc.dir/build
make[1]: 进入目录“/home/wang/code/c++Code/my_sgm_zed_multithread_v2/build/CMakeFiles/CMakeTmp”
Building C object CMakeFiles/cmTC_7eebc.dir/CheckFunctionExists.c.o
/usr/bin/cc   -fPIC -DCHECK_FUNCTION_EXISTS=pthread_create   -o CMakeFiles/cmTC_7eebc.dir/CheckFunctionExists.c.o   -c /usr/share/cmake-3.10/Modules/CheckFunctionExists.c
Linking C executable cmTC_7eebc
/usr/bin/cmake -E cmake_link_script CMakeFiles/cmTC_7eebc.dir/link.txt --verbose=1
/usr/bin/cc -fPIC -DCHECK_FUNCTION_EXISTS=pthread_create    -rdynamic CMakeFiles/cmTC_7eebc.dir/CheckFunctionExists.c.o  -o cmTC_7eebc -lpthreads 
/usr/bin/ld: 找不到 -lpthreads
collect2: error: ld returned 1 exit status
CMakeFiles/cmTC_7eebc.dir/build.make:97: recipe for target 'cmTC_7eebc' failed
make[1]: *** [cmTC_7eebc] Error 1
make[1]: 离开目录“/home/wang/code/c++Code/my_sgm_zed_multithread_v2/build/CMakeFiles/CMakeTmp”
Makefile:126: recipe for target 'cmTC_7eebc/fast' failed
make: *** [cmTC_7eebc/fast] Error 2


